==157== Memcheck, a memory error detector
==157== Copyright (C) 2002-2017, and GNU GPL'd, by Julian Seward et al.
==157== Using Valgrind-3.18.1 and LibVEX; rerun with -h for copyright info
==157== Command: /tmp/tmpfxa4_5gr/student/zaj4ShapeDrawing/build//bin/tests
==157== 
Running main() from /tmp/tmpfxa4_5gr/student/zaj4ShapeDrawing/tests/lib/googletest/src/gtest_main.cc
[==========] Running 12 tests from 3 test suites.
[----------] Global test environment set-up.
[----------] 4 tests from RectangleTester
[ RUN      ] RectangleTester.constructorOfRectangleStartingInBeginningOfSystemCoordinate
/tmp/tmpfxa4_5gr/student/zaj4ShapeDrawing/tests/shapesTests.cpp:91: Failure
Failed
Rectangle not implemented!
[  FAILED  ] RectangleTester.constructorOfRectangleStartingInBeginningOfSystemCoordinate (52 ms)
[ RUN      ] RectangleTester.isInMethodOfRectangleStartingInBeginningOfCoordinateSystem
/tmp/tmpfxa4_5gr/student/zaj4ShapeDrawing/tests/shapesTests.cpp:110: Failure
Failed
Rectangle not implemented!
[  FAILED  ] RectangleTester.isInMethodOfRectangleStartingInBeginningOfCoordinateSystem (4 ms)
[ RUN      ] RectangleTester.isInMethodOfRectangleStartingNotInBeginningOfCoordinateSystem
/tmp/tmpfxa4_5gr/student/zaj4ShapeDrawing/tests/shapesTests.cpp:129: Failure
Failed
Rectangle not implemented!
[  FAILED  ] RectangleTester.isInMethodOfRectangleStartingNotInBeginningOfCoordinateSystem (2 ms)
[ RUN      ] RectangleTester.constructorOfRectangleWithBothSitesEqualToZero
/tmp/tmpfxa4_5gr/student/zaj4ShapeDrawing/tests/shapesTests.cpp:144: Failure
Failed
Rectangle not implemented!
[  FAILED  ] RectangleTester.constructorOfRectangleWithBothSitesEqualToZero (2 ms)
[----------] 4 tests from RectangleTester (77 ms total)

[----------] 4 tests from CircleTester
[ RUN      ] CircleTester.constructorOfCircleStartingInBeginningOfCoordinateSystem
/tmp/tmpfxa4_5gr/student/zaj4ShapeDrawing/tests/shapesTests.cpp:174: Failure
Failed
Circle not implemented!
[  FAILED  ] CircleTester.constructorOfCircleStartingInBeginningOfCoordinateSystem (3 ms)
[ RUN      ] CircleTester.isInMethodOfCircleStartingInBeginningOfCoordinateSystem
/tmp/tmpfxa4_5gr/student/zaj4ShapeDrawing/tests/shapesTests.cpp:211: Failure
Failed
Circle not implemented!
[  FAILED  ] CircleTester.isInMethodOfCircleStartingInBeginningOfCoordinateSystem (2 ms)
[ RUN      ] CircleTester.isInMethodOfCircleStartingNotInBeginningOfCoordinateSystem
/tmp/tmpfxa4_5gr/student/zaj4ShapeDrawing/tests/shapesTests.cpp:243: Failure
Failed
Circle not implemented!
[  FAILED  ] CircleTester.isInMethodOfCircleStartingNotInBeginningOfCoordinateSystem (2 ms)
[ RUN      ] CircleTester.constructorOfCircleWithRadiusEqualToZero
/tmp/tmpfxa4_5gr/student/zaj4ShapeDrawing/tests/shapesTests.cpp:258: Failure
Failed
Circle not implemented!
[  FAILED  ] CircleTester.constructorOfCircleWithRadiusEqualToZero (2 ms)
[----------] 4 tests from CircleTester (12 ms total)

[----------] 4 tests from ShapeCompositeTester
[ RUN      ] ShapeCompositeTester.sumOfSqhareAndCircle
/tmp/tmpfxa4_5gr/student/zaj4ShapeDrawing/tests/shapesTests.cpp:319: Failure
Failed
Required classes not implemented not implemented!
[  FAILED  ] ShapeCompositeTester.sumOfSqhareAndCircle (3 ms)
[ RUN      ] ShapeCompositeTester.intersectionOfSqhareAndCircle
/tmp/tmpfxa4_5gr/student/zaj4ShapeDrawing/tests/shapesTests.cpp:376: Failure
Failed
Required classes not implemented not implemented!
[  FAILED  ] ShapeCompositeTester.intersectionOfSqhareAndCircle (2 ms)
[ RUN      ] ShapeCompositeTester.differenceOfSqhareAndCircle
/tmp/tmpfxa4_5gr/student/zaj4ShapeDrawing/tests/shapesTests.cpp:431: Failure
Failed
Required classes not implemented not implemented!
[  FAILED  ] ShapeCompositeTester.differenceOfSqhareAndCircle (2 ms)
[ RUN      ] ShapeCompositeTester.drawingHouse
/tmp/tmpfxa4_5gr/student/zaj4ShapeDrawing/tests/shapesTests.cpp:495: Failure
Failed
Required classes not implemented not implemented!
[  FAILED  ] ShapeCompositeTester.drawingHouse (2 ms)
[----------] 4 tests from ShapeCompositeTester (12 ms total)

[----------] Global test environment tear-down
[==========] 12 tests from 3 test suites ran. (160 ms total)
[  PASSED  ] 0 tests.
[  FAILED  ] 12 tests, listed below:
[  FAILED  ] RectangleTester.constructorOfRectangleStartingInBeginningOfSystemCoordinate
[  FAILED  ] RectangleTester.isInMethodOfRectangleStartingInBeginningOfCoordinateSystem
[  FAILED  ] RectangleTester.isInMethodOfRectangleStartingNotInBeginningOfCoordinateSystem
[  FAILED  ] RectangleTester.constructorOfRectangleWithBothSitesEqualToZero
[  FAILED  ] CircleTester.constructorOfCircleStartingInBeginningOfCoordinateSystem
[  FAILED  ] CircleTester.isInMethodOfCircleStartingInBeginningOfCoordinateSystem
[  FAILED  ] CircleTester.isInMethodOfCircleStartingNotInBeginningOfCoordinateSystem
[  FAILED  ] CircleTester.constructorOfCircleWithRadiusEqualToZero
[  FAILED  ] ShapeCompositeTester.sumOfSqhareAndCircle
[  FAILED  ] ShapeCompositeTester.intersectionOfSqhareAndCircle
[  FAILED  ] ShapeCompositeTester.differenceOfSqhareAndCircle
[  FAILED  ] ShapeCompositeTester.drawingHouse

12 FAILED TESTS
==157== 
==157== HEAP SUMMARY:
==157==     in use at exit: 0 bytes in 0 blocks
==157==   total heap usage: 711 allocs, 711 frees, 190,347 bytes allocated
==157== 
==157== All heap blocks were freed -- no leaks are possible
==157== 
==157== For lists of detected and suppressed errors, rerun with: -s
==157== ERROR SUMMARY: 0 errors from 0 contexts (suppressed: 0 from 0)
