==175== Memcheck, a memory error detector
==175== Copyright (C) 2002-2017, and GNU GPL'd, by Julian Seward et al.
==175== Using Valgrind-3.18.1 and LibVEX; rerun with -h for copyright info
==175== Command: /tmp/tmp7fbx4cuq/student/zaj3Vector/build//bin/tests
==175== 
Running main() from /tmp/tmp7fbx4cuq/student/zaj3Vector/tests/lib/googletest/src/gtest_main.cc
[==========] Running 14 tests from 2 test suites.
[----------] Global test environment set-up.
[----------] 6 tests from FractionTester
[ RUN      ] FractionTester.constructionAndGetters_expectedValuesFromConstructorReadableByGetters
[       OK ] FractionTester.constructionAndGetters_expectedValuesFromConstructorReadableByGetters (17 ms)
[ RUN      ] FractionTester.settersForMembers_expectedValuesChangesWithoutReduction
[       OK ] FractionTester.settersForMembers_expectedValuesChangesWithoutReduction (4 ms)
[ RUN      ] FractionTester.fractionMultiplyResultFractionImpossibleForReduction_expectedSimpleMultiplyingWorking
[       OK ] FractionTester.fractionMultiplyResultFractionImpossibleForReduction_expectedSimpleMultiplyingWorking (6 ms)
[ RUN      ] FractionTester.fractionAdditionResultFractionImpossibleForReduction_expectedSimpleAdditionWorking
[       OK ] FractionTester.fractionAdditionResultFractionImpossibleForReduction_expectedSimpleAdditionWorking (4 ms)
[ RUN      ] FractionTester.settingInvalidDenominarrInConstructor_expectedThrow
[       OK ] FractionTester.settingInvalidDenominarrInConstructor_expectedThrow (38 ms)
[ RUN      ] FractionTester.fractionAdditionWithCommonDenominator_expectedReduction
[       OK ] FractionTester.fractionAdditionWithCommonDenominator_expectedReduction (2 ms)
[----------] 6 tests from FractionTester (82 ms total)

[----------] 8 tests from VectorTest
[ RUN      ] VectorTest.constructionAndGetters_expectedValuesFromConstructorReadableByGetters
[       OK ] VectorTest.constructionAndGetters_expectedValuesFromConstructorReadableByGetters (13 ms)
[ RUN      ] VectorTest.destructOfNotEmptyVector_expectedMemoryFreedOnce
/tmp/tmp7fbx4cuq/student/zaj3Vector/tests/vectorTests.cpp:75: Failure
Expected equality of these values:
  expectedReallocations
    Which is: 1
  MyOwnMemoryManagement::deletions
    Which is: 0
[  FAILED  ] VectorTest.destructOfNotEmptyVector_expectedMemoryFreedOnce (52 ms)
[ RUN      ] VectorTest.addingMultipleElementsWithoutReallocation_expectedSizeIncreasesButCapacityDoesNot
[       OK ] VectorTest.addingMultipleElementsWithoutReallocation_expectedSizeIncreasesButCapacityDoesNot (4 ms)
[ RUN      ] VectorTest.accessingWithIndexOperator_expectedProperElementsInProperPlaces
[       OK ] VectorTest.accessingWithIndexOperator_expectedProperElementsInProperPlaces (4 ms)
[ RUN      ] VectorTest.copyAndMoveConstructor_expectedSuccessfulCopyAndMove
[       OK ] VectorTest.copyAndMoveConstructor_expectedSuccessfulCopyAndMove (15 ms)
[ RUN      ] VectorTest.assignmentOperatorCopyingAndMoving_expectedSuccessfulCopyAndMove
[       OK ] VectorTest.assignmentOperatorCopyingAndMoving_expectedSuccessfulCopyAndMove (17 ms)
[ RUN      ] VectorTest.accessingWithIndexOperatorOutOfRange_expectedExceptionWhenOutOfRange
[       OK ] VectorTest.accessingWithIndexOperatorOutOfRange_expectedExceptionWhenOutOfRange (5 ms)
[ RUN      ] VectorTest.addingElementsWithReallocationNecessairy
[       OK ] VectorTest.addingElementsWithReallocationNecessairy (5 ms)
[----------] 8 tests from VectorTest (123 ms total)

[----------] Global test environment tear-down
[==========] 14 tests from 2 test suites ran. (255 ms total)
[  PASSED  ] 13 tests.
[  FAILED  ] 1 test, listed below:
[  FAILED  ] VectorTest.destructOfNotEmptyVector_expectedMemoryFreedOnce

 1 FAILED TEST
==175== 
==175== HEAP SUMMARY:
==175==     in use at exit: 0 bytes in 0 blocks
==175==   total heap usage: 457 allocs, 457 frees, 147,272 bytes allocated
==175== 
==175== All heap blocks were freed -- no leaks are possible
==175== 
==175== For lists of detected and suppressed errors, rerun with: -s
==175== ERROR SUMMARY: 0 errors from 0 contexts (suppressed: 0 from 0)
